app/build/intermediates/manifest_merge_blame_file/debug/manifest-merger-blame-debug-report.txt
1<?xml version="1.0" encoding="utf-8"?>
2<manifest xmlns:android="http://schemas.android.com/apk/res/android"
3    package="com.irada.blockerheroar"
4    android:versionCode="1"
5    android:versionName="1.0" >
6
7    <uses-sdk
8        android:minSdkVersion="24"
9        android:targetSdkVersion="34" />
10
11    <!-- Internet permission for Firebase and network operations -->
12    <uses-permission android:name="android.permission.INTERNET" />
12-->src\main\AndroidManifest.xml:6:5-67
12-->src\main\AndroidManifest.xml:6:22-64
13    <uses-permission android:name="android.permission.ACCESS_NETWORK_STATE" />
13-->src\main\AndroidManifest.xml:7:5-79
13-->src\main\AndroidManifest.xml:7:22-76
14
15    <!-- Device Admin permission for app protection -->
16    <uses-permission android:name="android.permission.BIND_DEVICE_ADMIN" />
16-->src\main\AndroidManifest.xml:10:5-76
16-->src\main\AndroidManifest.xml:10:22-73
17
18    <!-- Accessibility Service permission for content blocking -->
19    <uses-permission android:name="android.permission.BIND_ACCESSIBILITY_SERVICE" />
19-->src\main\AndroidManifest.xml:13:5-85
19-->src\main\AndroidManifest.xml:13:22-82
20
21    <!-- System Alert Window permission for blocking overlay -->
22    <uses-permission android:name="android.permission.SYSTEM_ALERT_WINDOW" />
22-->src\main\AndroidManifest.xml:16:5-78
22-->src\main\AndroidManifest.xml:16:22-75
23
24    <!-- Package usage stats for monitoring apps -->
25    <uses-permission android:name="android.permission.PACKAGE_USAGE_STATS" />
25-->src\main\AndroidManifest.xml:19:5-20:47
25-->src\main\AndroidManifest.xml:19:22-75
26
27    <!-- Query all packages permission -->
28    <uses-permission android:name="android.permission.QUERY_ALL_PACKAGES" />
28-->src\main\AndroidManifest.xml:23:5-77
28-->src\main\AndroidManifest.xml:23:22-74
29
30    <!-- Notification permissions for monitoring app notifications -->
31    <uses-permission android:name="android.permission.BIND_NOTIFICATION_LISTENER_SERVICE" />
31-->src\main\AndroidManifest.xml:26:5-93
31-->src\main\AndroidManifest.xml:26:22-90
32    <uses-permission android:name="android.permission.POST_NOTIFICATIONS" />
32-->src\main\AndroidManifest.xml:27:5-77
32-->src\main\AndroidManifest.xml:27:22-74
33
34    <!-- Additional monitoring permissions -->
35    <uses-permission android:name="android.permission.READ_EXTERNAL_STORAGE" />
35-->src\main\AndroidManifest.xml:30:5-80
35-->src\main\AndroidManifest.xml:30:22-77
36    <uses-permission android:name="android.permission.WRITE_EXTERNAL_STORAGE" />
36-->src\main\AndroidManifest.xml:31:5-81
36-->src\main\AndroidManifest.xml:31:22-78
37    <uses-permission android:name="android.permission.FOREGROUND_SERVICE" />
37-->src\main\AndroidManifest.xml:32:5-77
37-->src\main\AndroidManifest.xml:32:22-74
38    <uses-permission android:name="android.permission.FOREGROUND_SERVICE_DATA_SYNC" />
38-->src\main\AndroidManifest.xml:33:5-87
38-->src\main\AndroidManifest.xml:33:22-84
39
40    <!-- Additional permissions for app blocking -->
41    <uses-permission android:name="android.permission.WAKE_LOCK" />
41-->src\main\AndroidManifest.xml:36:5-68
41-->src\main\AndroidManifest.xml:36:22-65
42    <uses-permission android:name="android.permission.DISABLE_KEYGUARD" />
42-->src\main\AndroidManifest.xml:37:5-75
42-->src\main\AndroidManifest.xml:37:22-72
43    <uses-permission android:name="android.permission.SHOW_WHEN_LOCKED" />
43-->src\main\AndroidManifest.xml:38:5-75
43-->src\main\AndroidManifest.xml:38:22-72
44
45    <!-- App blocking and monitoring permissions -->
46    <uses-permission android:name="android.permission.REQUEST_IGNORE_BATTERY_OPTIMIZATIONS" />
46-->src\main\AndroidManifest.xml:41:5-95
46-->src\main\AndroidManifest.xml:41:22-92
47    <uses-permission android:name="android.permission.REQUEST_DELETE_PACKAGES" />
47-->src\main\AndroidManifest.xml:42:5-82
47-->src\main\AndroidManifest.xml:42:22-79
48    <uses-permission android:name="android.permission.REQUEST_INSTALL_PACKAGES" />
48-->src\main\AndroidManifest.xml:43:5-83
48-->src\main\AndroidManifest.xml:43:22-80
49    <uses-permission android:name="android.permission.ACCESSIBILITY_SERVICE" />
49-->src\main\AndroidManifest.xml:44:5-80
49-->src\main\AndroidManifest.xml:44:22-77
50
51    <!-- Additional required permissions -->
52    <uses-permission android:name="android.permission.CAMERA" />
52-->src\main\AndroidManifest.xml:47:5-65
52-->src\main\AndroidManifest.xml:47:22-62
53    <uses-permission android:name="android.permission.RECORD_AUDIO" />
53-->src\main\AndroidManifest.xml:48:5-71
53-->src\main\AndroidManifest.xml:48:22-68
54    <uses-permission android:name="android.permission.MODIFY_AUDIO_SETTINGS" />
54-->src\main\AndroidManifest.xml:49:5-80
54-->src\main\AndroidManifest.xml:49:22-77
55    <uses-permission android:name="android.permission.CHANGE_WIFI_STATE" />
55-->src\main\AndroidManifest.xml:50:5-76
55-->src\main\AndroidManifest.xml:50:22-73
56    <uses-permission android:name="android.permission.ACCESS_WIFI_STATE" />
56-->src\main\AndroidManifest.xml:51:5-76
56-->src\main\AndroidManifest.xml:51:22-73
57    <uses-permission android:name="android.permission.BLUETOOTH" />
57-->src\main\AndroidManifest.xml:52:5-68
57-->src\main\AndroidManifest.xml:52:22-65
58    <uses-permission android:name="android.permission.BLUETOOTH_ADMIN" />
58-->src\main\AndroidManifest.xml:53:5-74
58-->src\main\AndroidManifest.xml:53:22-71
59    <uses-permission android:name="android.permission.CHANGE_NETWORK_STATE" />
59-->src\main\AndroidManifest.xml:54:5-79
59-->src\main\AndroidManifest.xml:54:22-76
60    <uses-permission android:name="android.permission.VIBRATE" />
60-->src\main\AndroidManifest.xml:55:5-66
60-->src\main\AndroidManifest.xml:55:22-63
61    <uses-permission android:name="android.permission.FLASHLIGHT" />
61-->src\main\AndroidManifest.xml:56:5-69
61-->src\main\AndroidManifest.xml:56:22-66
62
63    <!-- Permission to get running tasks and kill processes -->
64    <uses-permission android:name="android.permission.GET_TASKS" />
64-->src\main\AndroidManifest.xml:59:5-68
64-->src\main\AndroidManifest.xml:59:22-65
65    <uses-permission android:name="android.permission.KILL_BACKGROUND_PROCESSES" />
65-->src\main\AndroidManifest.xml:60:5-84
65-->src\main\AndroidManifest.xml:60:22-81
66    <uses-permission android:name="com.android.vending.BILLING" />
66-->[com.android.billingclient:billing-ktx:6.1.0] AndroidManifest.xml:9:5-67
66-->[com.android.billingclient:billing-ktx:6.1.0] AndroidManifest.xml:9:22-64
67
68    <queries>
68-->[com.android.billingclient:billing:6.1.0] AndroidManifest.xml:12:5-16:15
69        <intent>
69-->[com.android.billingclient:billing:6.1.0] AndroidManifest.xml:13:9-15:18
70            <action android:name="com.android.vending.billing.InAppBillingService.BIND" />
70-->[com.android.billingclient:billing:6.1.0] AndroidManifest.xml:14:13-91
70-->[com.android.billingclient:billing:6.1.0] AndroidManifest.xml:14:21-88
71        </intent>
72    </queries>
73
74    <uses-permission android:name="com.google.android.gms.permission.AD_ID" />
74-->[com.google.android.gms:play-services-measurement-api:21.5.0] AndroidManifest.xml:25:5-79
74-->[com.google.android.gms:play-services-measurement-api:21.5.0] AndroidManifest.xml:25:22-76
75    <uses-permission android:name="android.permission.ACCESS_ADSERVICES_ATTRIBUTION" />
75-->[com.google.android.gms:play-services-measurement-api:21.5.0] AndroidManifest.xml:26:5-88
75-->[com.google.android.gms:play-services-measurement-api:21.5.0] AndroidManifest.xml:26:22-85
76    <uses-permission android:name="android.permission.ACCESS_ADSERVICES_AD_ID" />
76-->[com.google.android.gms:play-services-measurement-api:21.5.0] AndroidManifest.xml:27:5-82
76-->[com.google.android.gms:play-services-measurement-api:21.5.0] AndroidManifest.xml:27:22-79
77    <uses-permission android:name="android.permission.RECEIVE_BOOT_COMPLETED" />
77-->[androidx.work:work-runtime:2.9.0] AndroidManifest.xml:25:5-81
77-->[androidx.work:work-runtime:2.9.0] AndroidManifest.xml:25:22-78
78    <uses-permission android:name="com.google.android.finsky.permission.BIND_GET_INSTALL_REFERRER_SERVICE" />
78-->[com.google.android.gms:play-services-measurement:21.5.0] AndroidManifest.xml:26:5-110
78-->[com.google.android.gms:play-services-measurement:21.5.0] AndroidManifest.xml:26:22-107
79
80    <permission
80-->[androidx.core:core:1.12.0] AndroidManifest.xml:22:5-24:47
81        android:name="com.irada.blockerheroar.DYNAMIC_RECEIVER_NOT_EXPORTED_PERMISSION"
81-->[androidx.core:core:1.12.0] AndroidManifest.xml:23:9-81
82        android:protectionLevel="signature" />
82-->[androidx.core:core:1.12.0] AndroidManifest.xml:24:9-44
83
84    <uses-permission android:name="com.irada.blockerheroar.DYNAMIC_RECEIVER_NOT_EXPORTED_PERMISSION" />
84-->[androidx.core:core:1.12.0] AndroidManifest.xml:26:5-97
84-->[androidx.core:core:1.12.0] AndroidManifest.xml:26:22-94
85
86    <application
86-->src\main\AndroidManifest.xml:62:5-154:19
87        android:name="com.irada.blockerheroar.IradaApplication"
87-->src\main\AndroidManifest.xml:63:9-41
88        android:allowBackup="true"
88-->src\main\AndroidManifest.xml:64:9-35
89        android:appComponentFactory="androidx.core.app.CoreComponentFactory"
89-->[androidx.core:core:1.12.0] AndroidManifest.xml:28:18-86
90        android:debuggable="true"
91        android:extractNativeLibs="false"
92        android:icon="@mipmap/ic_launcher"
92-->src\main\AndroidManifest.xml:65:9-43
93        android:label="@string/app_name"
93-->src\main\AndroidManifest.xml:66:9-41
94        android:roundIcon="@mipmap/ic_launcher_round"
94-->src\main\AndroidManifest.xml:67:9-54
95        android:supportsRtl="true"
95-->src\main\AndroidManifest.xml:68:9-35
96        android:testOnly="true"
97        android:theme="@style/Theme.Irada" >
97-->src\main\AndroidManifest.xml:69:9-43
98
99        <!-- Permission Request Activity (Main Entry Point) -->
100        <activity
100-->src\main\AndroidManifest.xml:73:9-81:20
101            android:name="com.irada.blockerheroar.ui.PermissionRequestActivity"
101-->src\main\AndroidManifest.xml:74:13-57
102            android:exported="true"
102-->src\main\AndroidManifest.xml:75:13-36
103            android:theme="@style/Theme.Irada" >
103-->src\main\AndroidManifest.xml:76:13-47
104            <intent-filter>
104-->src\main\AndroidManifest.xml:77:13-80:29
105                <action android:name="android.intent.action.MAIN" />
105-->src\main\AndroidManifest.xml:78:17-69
105-->src\main\AndroidManifest.xml:78:25-66
106
107                <category android:name="android.intent.category.LAUNCHER" />
107-->src\main\AndroidManifest.xml:79:17-77
107-->src\main\AndroidManifest.xml:79:27-74
108            </intent-filter>
109        </activity>
110
111        <!-- Login Activity -->
112        <activity
112-->src\main\AndroidManifest.xml:84:9-87:50
113            android:name="com.irada.blockerheroar.ui.auth.LoginActivity"
113-->src\main\AndroidManifest.xml:85:13-50
114            android:exported="false"
114-->src\main\AndroidManifest.xml:86:13-37
115            android:theme="@style/Theme.Irada" />
115-->src\main\AndroidManifest.xml:87:13-47
116
117        <!-- Main Activity -->
118        <activity
118-->src\main\AndroidManifest.xml:90:9-93:50
119            android:name="com.irada.blockerheroar.ui.MainActivity"
119-->src\main\AndroidManifest.xml:91:13-44
120            android:exported="false"
120-->src\main\AndroidManifest.xml:92:13-37
121            android:theme="@style/Theme.Irada" />
121-->src\main\AndroidManifest.xml:93:13-47
122
123        <!-- Blocking Screen Activity -->
124        <activity
124-->src\main\AndroidManifest.xml:96:9-104:52
125            android:name="com.irada.blockerheroar.ui.BlockingScreenActivity"
125-->src\main\AndroidManifest.xml:97:13-54
126            android:excludeFromRecents="true"
126-->src\main\AndroidManifest.xml:101:13-46
127            android:exported="false"
127-->src\main\AndroidManifest.xml:98:13-37
128            android:launchMode="singleTask"
128-->src\main\AndroidManifest.xml:100:13-44
129            android:screenOrientation="portrait"
129-->src\main\AndroidManifest.xml:104:13-49
130            android:showWhenLocked="true"
130-->src\main\AndroidManifest.xml:102:13-42
131            android:theme="@style/Theme.Irada"
131-->src\main\AndroidManifest.xml:99:13-47
132            android:turnScreenOn="true" />
132-->src\main\AndroidManifest.xml:103:13-40
133
134        <!-- Device Admin Receiver -->
135        <receiver
135-->src\main\AndroidManifest.xml:107:9-117:20
136            android:name="com.irada.blockerheroar.receiver.DeviceAdminReceiver"
136-->src\main\AndroidManifest.xml:108:13-57
137            android:exported="true"
137-->src\main\AndroidManifest.xml:110:13-36
138            android:permission="android:permission.BIND_DEVICE_ADMIN" >
138-->src\main\AndroidManifest.xml:109:13-70
139            <intent-filter>
139-->src\main\AndroidManifest.xml:111:13-113:29
140                <action android:name="android.app.action.DEVICE_ADMIN_ENABLED" />
140-->src\main\AndroidManifest.xml:112:17-82
140-->src\main\AndroidManifest.xml:112:25-79
141            </intent-filter>
142
143            <meta-data
143-->src\main\AndroidManifest.xml:114:13-116:56
144                android:name="android.app.device_admin"
144-->src\main\AndroidManifest.xml:115:17-56
145                android:resource="@xml/device_admin" />
145-->src\main\AndroidManifest.xml:116:17-53
146        </receiver>
147
148        <!-- Accessibility Service for content blocking (UPDATED) -->
149        <service
149-->src\main\AndroidManifest.xml:120:9-130:19
150            android:name="com.irada.blockerheroar.service.ContentBlockingService"
150-->src\main\AndroidManifest.xml:121:13-59
151            android:exported="true"
151-->src\main\AndroidManifest.xml:123:13-36
152            android:permission="android.permission.BIND_ACCESSIBILITY_SERVICE" >
152-->src\main\AndroidManifest.xml:122:13-79
153            <intent-filter>
153-->src\main\AndroidManifest.xml:124:13-126:29
154                <action android:name="android.accessibilityservice.AccessibilityService" />
154-->src\main\AndroidManifest.xml:125:17-92
154-->src\main\AndroidManifest.xml:125:25-89
155            </intent-filter>
156
157            <meta-data
157-->src\main\AndroidManifest.xml:127:13-129:72
158                android:name="android.accessibilityservice"
158-->src\main\AndroidManifest.xml:128:17-60
159                android:resource="@xml/accessibility_service_config" />
159-->src\main\AndroidManifest.xml:129:17-69
160        </service>
161
162        <!-- Blocking Overlay Service -->
163        <service
163-->src\main\AndroidManifest.xml:133:9-135:40
164            android:name="com.irada.blockerheroar.service.BlockingOverlayService"
164-->src\main\AndroidManifest.xml:134:13-59
165            android:exported="false" />
165-->src\main\AndroidManifest.xml:135:13-37
166
167        <!-- Notification Listener Service -->
168        <service
168-->src\main\AndroidManifest.xml:138:9-145:19
169            android:name="com.irada.blockerheroar.service.NotificationListenerService"
169-->src\main\AndroidManifest.xml:139:13-64
170            android:exported="true"
170-->src\main\AndroidManifest.xml:141:13-36
171            android:permission="android.permission.BIND_NOTIFICATION_LISTENER_SERVICE" >
171-->src\main\AndroidManifest.xml:140:13-87
172            <intent-filter>
172-->src\main\AndroidManifest.xml:142:13-144:29
173                <action android:name="android.service.notification.NotificationListenerService" />
173-->src\main\AndroidManifest.xml:143:17-99
173-->src\main\AndroidManifest.xml:143:25-96
174            </intent-filter>
175        </service>
176
177        <!-- Background Monitoring Service -->
178        <service
178-->src\main\AndroidManifest.xml:148:9-152:56
179            android:name="com.irada.blockerheroar.service.BackgroundMonitoringService"
179-->src\main\AndroidManifest.xml:149:13-64
180            android:enabled="true"
180-->src\main\AndroidManifest.xml:150:13-35
181            android:exported="false"
181-->src\main\AndroidManifest.xml:151:13-37
182            android:foregroundServiceType="dataSync" />
182-->src\main\AndroidManifest.xml:152:13-53
183
184        <activity
184-->[com.google.android.gms:play-services-auth:20.7.0] AndroidManifest.xml:23:9-27:75
185            android:name="com.google.android.gms.auth.api.signin.internal.SignInHubActivity"
185-->[com.google.android.gms:play-services-auth:20.7.0] AndroidManifest.xml:24:13-93
186            android:excludeFromRecents="true"
186-->[com.google.android.gms:play-services-auth:20.7.0] AndroidManifest.xml:25:13-46
187            android:exported="false"
187-->[com.google.android.gms:play-services-auth:20.7.0] AndroidManifest.xml:26:13-37
188            android:theme="@android:style/Theme.Translucent.NoTitleBar" />
188-->[com.google.android.gms:play-services-auth:20.7.0] AndroidManifest.xml:27:13-72
189        <!--
190            Service handling Google Sign-In user revocation. For apps that do not integrate with
191            Google Sign-In, this service will never be started.
192        -->
193        <service
193-->[com.google.android.gms:play-services-auth:20.7.0] AndroidManifest.xml:33:9-37:51
194            android:name="com.google.android.gms.auth.api.signin.RevocationBoundService"
194-->[com.google.android.gms:play-services-auth:20.7.0] AndroidManifest.xml:34:13-89
195            android:exported="true"
195-->[com.google.android.gms:play-services-auth:20.7.0] AndroidManifest.xml:35:13-36
196            android:permission="com.google.android.gms.auth.api.signin.permission.REVOCATION_NOTIFICATION"
196-->[com.google.android.gms:play-services-auth:20.7.0] AndroidManifest.xml:36:13-107
197            android:visibleToInstantApps="true" />
197-->[com.google.android.gms:play-services-auth:20.7.0] AndroidManifest.xml:37:13-48
198        <service
198-->[com.google.firebase:firebase-auth-ktx:22.3.0] AndroidManifest.xml:8:9-14:19
199            android:name="com.google.firebase.components.ComponentDiscoveryService"
199-->[com.google.firebase:firebase-auth-ktx:22.3.0] AndroidManifest.xml:9:13-84
200            android:directBootAware="true"
200-->[com.google.firebase:firebase-common:20.4.2] AndroidManifest.xml:32:13-43
201            android:exported="false" >
201-->[com.google.firebase:firebase-auth-ktx:22.3.0] AndroidManifest.xml:10:13-37
202            <meta-data
202-->[com.google.firebase:firebase-auth-ktx:22.3.0] AndroidManifest.xml:11:13-13:85
203                android:name="com.google.firebase.components:com.google.firebase.auth.ktx.FirebaseAuthLegacyRegistrar"
203-->[com.google.firebase:firebase-auth-ktx:22.3.0] AndroidManifest.xml:12:17-119
204                android:value="com.google.firebase.components.ComponentRegistrar" />
204-->[com.google.firebase:firebase-auth-ktx:22.3.0] AndroidManifest.xml:13:17-82
205            <meta-data
205-->[com.google.firebase:firebase-auth:22.3.0] AndroidManifest.xml:69:13-71:85
206                android:name="com.google.firebase.components:com.google.firebase.auth.FirebaseAuthRegistrar"
206-->[com.google.firebase:firebase-auth:22.3.0] AndroidManifest.xml:70:17-109
207                android:value="com.google.firebase.components.ComponentRegistrar" />
207-->[com.google.firebase:firebase-auth:22.3.0] AndroidManifest.xml:71:17-82
208            <meta-data
208-->[com.google.firebase:firebase-firestore-ktx:24.10.0] AndroidManifest.xml:12:13-14:85
209                android:name="com.google.firebase.components:com.google.firebase.firestore.ktx.FirebaseFirestoreLegacyRegistrar"
209-->[com.google.firebase:firebase-firestore-ktx:24.10.0] AndroidManifest.xml:13:17-129
210                android:value="com.google.firebase.components.ComponentRegistrar" />
210-->[com.google.firebase:firebase-firestore-ktx:24.10.0] AndroidManifest.xml:14:17-82
211            <meta-data
211-->[com.google.firebase:firebase-firestore:24.10.0] AndroidManifest.xml:17:13-19:85
212                android:name="com.google.firebase.components:com.google.firebase.firestore.FirebaseFirestoreKtxRegistrar"
212-->[com.google.firebase:firebase-firestore:24.10.0] AndroidManifest.xml:18:17-122
213                android:value="com.google.firebase.components.ComponentRegistrar" />
213-->[com.google.firebase:firebase-firestore:24.10.0] AndroidManifest.xml:19:17-82
214            <meta-data
214-->[com.google.firebase:firebase-firestore:24.10.0] AndroidManifest.xml:20:13-22:85
215                android:name="com.google.firebase.components:com.google.firebase.firestore.FirestoreRegistrar"
215-->[com.google.firebase:firebase-firestore:24.10.0] AndroidManifest.xml:21:17-111
216                android:value="com.google.firebase.components.ComponentRegistrar" />
216-->[com.google.firebase:firebase-firestore:24.10.0] AndroidManifest.xml:22:17-82
217            <meta-data
217-->[com.google.firebase:firebase-config-ktx:21.6.0] AndroidManifest.xml:12:13-14:85
218                android:name="com.google.firebase.components:com.google.firebase.remoteconfig.ktx.FirebaseConfigLegacyRegistrar"
218-->[com.google.firebase:firebase-config-ktx:21.6.0] AndroidManifest.xml:13:17-129
219                android:value="com.google.firebase.components.ComponentRegistrar" />
219-->[com.google.firebase:firebase-config-ktx:21.6.0] AndroidManifest.xml:14:17-82
220            <meta-data
220-->[com.google.firebase:firebase-config:21.6.0] AndroidManifest.xml:29:13-31:85
221                android:name="com.google.firebase.components:com.google.firebase.remoteconfig.FirebaseRemoteConfigKtxRegistrar"
221-->[com.google.firebase:firebase-config:21.6.0] AndroidManifest.xml:30:17-128
222                android:value="com.google.firebase.components.ComponentRegistrar" />
222-->[com.google.firebase:firebase-config:21.6.0] AndroidManifest.xml:31:17-82
223            <meta-data
223-->[com.google.firebase:firebase-config:21.6.0] AndroidManifest.xml:32:13-34:85
224                android:name="com.google.firebase.components:com.google.firebase.remoteconfig.RemoteConfigRegistrar"
224-->[com.google.firebase:firebase-config:21.6.0] AndroidManifest.xml:33:17-117
225                android:value="com.google.firebase.components.ComponentRegistrar" />
225-->[com.google.firebase:firebase-config:21.6.0] AndroidManifest.xml:34:17-82
226            <meta-data
226-->[com.google.firebase:firebase-abt:21.1.1] AndroidManifest.xml:12:13-14:85
227                android:name="com.google.firebase.components:com.google.firebase.abt.component.AbtRegistrar"
227-->[com.google.firebase:firebase-abt:21.1.1] AndroidManifest.xml:13:17-109
228                android:value="com.google.firebase.components.ComponentRegistrar" />
228-->[com.google.firebase:firebase-abt:21.1.1] AndroidManifest.xml:14:17-82
229            <meta-data
229-->[com.google.firebase:firebase-crashlytics-ktx:18.6.0] AndroidManifest.xml:24:13-26:85
230                android:name="com.google.firebase.components:com.google.firebase.crashlytics.ktx.FirebaseCrashlyticsKtxRegistrar"
230-->[com.google.firebase:firebase-crashlytics-ktx:18.6.0] AndroidManifest.xml:25:17-130
231                android:value="com.google.firebase.components.ComponentRegistrar" />
231-->[com.google.firebase:firebase-crashlytics-ktx:18.6.0] AndroidManifest.xml:26:17-82
232            <meta-data
232-->[com.google.firebase:firebase-analytics-ktx:21.5.0] AndroidManifest.xml:11:13-13:85
233                android:name="com.google.firebase.components:com.google.firebase.analytics.ktx.FirebaseAnalyticsLegacyRegistrar"
233-->[com.google.firebase:firebase-analytics-ktx:21.5.0] AndroidManifest.xml:12:17-129
234                android:value="com.google.firebase.components.ComponentRegistrar" />
234-->[com.google.firebase:firebase-analytics-ktx:21.5.0] AndroidManifest.xml:13:17-82
235            <meta-data
235-->[com.google.firebase:firebase-crashlytics:18.6.0] AndroidManifest.xml:15:13-17:85
236                android:name="com.google.firebase.components:com.google.firebase.crashlytics.FirebaseCrashlyticsKtxRegistrar"
236-->[com.google.firebase:firebase-crashlytics:18.6.0] AndroidManifest.xml:16:17-126
237                android:value="com.google.firebase.components.ComponentRegistrar" />
237-->[com.google.firebase:firebase-crashlytics:18.6.0] AndroidManifest.xml:17:17-82
238            <meta-data
238-->[com.google.firebase:firebase-crashlytics:18.6.0] AndroidManifest.xml:18:13-20:85
239                android:name="com.google.firebase.components:com.google.firebase.crashlytics.CrashlyticsRegistrar"
239-->[com.google.firebase:firebase-crashlytics:18.6.0] AndroidManifest.xml:19:17-115
240                android:value="com.google.firebase.components.ComponentRegistrar" />
240-->[com.google.firebase:firebase-crashlytics:18.6.0] AndroidManifest.xml:20:17-82
241            <meta-data
241-->[com.google.firebase:firebase-sessions:1.2.0] AndroidManifest.xml:29:13-31:85
242                android:name="com.google.firebase.components:com.google.firebase.sessions.FirebaseSessionsRegistrar"
242-->[com.google.firebase:firebase-sessions:1.2.0] AndroidManifest.xml:30:17-117
243                android:value="com.google.firebase.components.ComponentRegistrar" />
243-->[com.google.firebase:firebase-sessions:1.2.0] AndroidManifest.xml:31:17-82
244            <meta-data
244-->[com.google.android.gms:play-services-measurement-api:21.5.0] AndroidManifest.xml:37:13-39:85
245                android:name="com.google.firebase.components:com.google.firebase.analytics.connector.internal.AnalyticsConnectorRegistrar"
245-->[com.google.android.gms:play-services-measurement-api:21.5.0] AndroidManifest.xml:38:17-139
246                android:value="com.google.firebase.components.ComponentRegistrar" />
246-->[com.google.android.gms:play-services-measurement-api:21.5.0] AndroidManifest.xml:39:17-82
247            <meta-data
247-->[com.google.firebase:firebase-installations:17.2.0] AndroidManifest.xml:15:13-17:85
248                android:name="com.google.firebase.components:com.google.firebase.installations.FirebaseInstallationsKtxRegistrar"
248-->[com.google.firebase:firebase-installations:17.2.0] AndroidManifest.xml:16:17-130
249                android:value="com.google.firebase.components.ComponentRegistrar" />
249-->[com.google.firebase:firebase-installations:17.2.0] AndroidManifest.xml:17:17-82
250            <meta-data
250-->[com.google.firebase:firebase-installations:17.2.0] AndroidManifest.xml:18:13-20:85
251                android:name="com.google.firebase.components:com.google.firebase.installations.FirebaseInstallationsRegistrar"
251-->[com.google.firebase:firebase-installations:17.2.0] AndroidManifest.xml:19:17-127
252                android:value="com.google.firebase.components.ComponentRegistrar" />
252-->[com.google.firebase:firebase-installations:17.2.0] AndroidManifest.xml:20:17-82
253            <meta-data
253-->[com.google.firebase:firebase-common-ktx:20.4.2] AndroidManifest.xml:12:13-14:85
254                android:name="com.google.firebase.components:com.google.firebase.ktx.FirebaseCommonLegacyRegistrar"
254-->[com.google.firebase:firebase-common-ktx:20.4.2] AndroidManifest.xml:13:17-116
255                android:value="com.google.firebase.components.ComponentRegistrar" />
255-->[com.google.firebase:firebase-common-ktx:20.4.2] AndroidManifest.xml:14:17-82
256            <meta-data
256-->[com.google.firebase:firebase-common:20.4.2] AndroidManifest.xml:35:13-37:85
257                android:name="com.google.firebase.components:com.google.firebase.FirebaseCommonKtxRegistrar"
257-->[com.google.firebase:firebase-common:20.4.2] AndroidManifest.xml:36:17-109
258                android:value="com.google.firebase.components.ComponentRegistrar" />
258-->[com.google.firebase:firebase-common:20.4.2] AndroidManifest.xml:37:17-82
259            <meta-data
259-->[com.google.firebase:firebase-datatransport:18.1.8] AndroidManifest.xml:27:13-29:85
260                android:name="com.google.firebase.components:com.google.firebase.datatransport.TransportRegistrar"
260-->[com.google.firebase:firebase-datatransport:18.1.8] AndroidManifest.xml:28:17-115
261                android:value="com.google.firebase.components.ComponentRegistrar" />
261-->[com.google.firebase:firebase-datatransport:18.1.8] AndroidManifest.xml:29:17-82
262        </service>
263
264        <activity
264-->[com.google.firebase:firebase-auth:22.3.0] AndroidManifest.xml:29:9-46:20
265            android:name="com.google.firebase.auth.internal.GenericIdpActivity"
265-->[com.google.firebase:firebase-auth:22.3.0] AndroidManifest.xml:30:13-80
266            android:excludeFromRecents="true"
266-->[com.google.firebase:firebase-auth:22.3.0] AndroidManifest.xml:31:13-46
267            android:exported="true"
267-->[com.google.firebase:firebase-auth:22.3.0] AndroidManifest.xml:32:13-36
268            android:launchMode="singleTask"
268-->[com.google.firebase:firebase-auth:22.3.0] AndroidManifest.xml:33:13-44
269            android:theme="@android:style/Theme.Translucent.NoTitleBar" >
269-->[com.google.firebase:firebase-auth:22.3.0] AndroidManifest.xml:34:13-72
270            <intent-filter>
270-->[com.google.firebase:firebase-auth:22.3.0] AndroidManifest.xml:35:13-45:29
271                <action android:name="android.intent.action.VIEW" />
271-->[com.google.firebase:firebase-auth:22.3.0] AndroidManifest.xml:36:17-69
271-->[com.google.firebase:firebase-auth:22.3.0] AndroidManifest.xml:36:25-66
272
273                <category android:name="android.intent.category.DEFAULT" />
273-->[com.google.firebase:firebase-auth:22.3.0] AndroidManifest.xml:38:17-76
273-->[com.google.firebase:firebase-auth:22.3.0] AndroidManifest.xml:38:27-73
274                <category android:name="android.intent.category.BROWSABLE" />
274-->[com.google.firebase:firebase-auth:22.3.0] AndroidManifest.xml:39:17-78